START_TS 2026-06-13T03:44:16Z

================================================================
[MAX_RUN2] ltx2
  CUDA_VISIBLE_DEVICES=4,6
  sglang \
  generate \
  --backend=sglang \
  --model-path=Lightricks/LTX-2 \
  --prompt=A cat and a dog baking a cake together in a kitchen. \
  --seed=42 \
  --pipeline-class-name=LTX2TwoStagePipeline \
  --width=768 \
  --height=512 \
  --num-frames=121 \
  --num-gpus=2 \
  --enable-cfg-parallel \
  --save-output \
  --warmup \
  --enable-torch-compile \
  --perf-dump-path \
  /tmp/pr28050_ltx2_sweep/ltx2_proof_20260613_022547/ltx2_max_run2.json

Unable to import `torchao` Tensor objects. This may affect loading checkpoints serialized with `torchao`
[06-13 03:44:36] Auto memory policy for LTX2PipelineConfig selected layerwise offload components: text_encoder, image_encoder, vae
[06-13 03:44:39] Disabling component offload for LTX2PipelineConfig because minimum available memory on selected GPUs is 177.43 GiB: dit_cpu_offload=False
[06-13 03:44:39] Automatically set torch_sdpa backend for component text_encoder to preserve LTX2 official attention semantics
[06-13 03:44:39] server_args: {"model_path": "Lightricks/LTX-2", "model_id": null, "backend": "sglang", "attention_backend": null, "attention_backend_config": {}, "component_attention_backends": {"text_encoder": "torch_sdpa"}, "cache_dit_config": null, "nccl_port": null, "trust_remote_code": false, "revision": null, "num_gpus": 2, "performance_mode": "auto", "base_gpu_id": 0, "gpu_ids": null, "tp_size": 1, "sp_degree": 1, "ulysses_degree": 1, "ring_degree": 1, "dp_size": 1, "dp_degree": 1, "enable_cfg_parallel": true, "cfg_parallel_degree": 2, "hsdp_replicate_dim": 1, "hsdp_shard_dim": 2, "dist_timeout": 3600, "pipeline_class_name": "LTX2TwoStagePipeline", "lora_path": null, "lora_nickname": "default", "lora_scale": 1.0, "lora_merge_mode": "auto", "lora_weight_name": null, "component_paths": {}, "transformer_weights_path": null, "component_transformer_weights_paths": {}, "quantization": null, "quantization_ignored_layers": null, "lora_target_modules": null, "dit_cpu_offload": false, "dit_layerwise_offload": false, "layerwise_offload_components": ["text_encoder", "image_encoder", "vae"], "dit_offload_prefetch_size": 0.0, "text_encoder_cpu_offload": false, "image_encoder_cpu_offload": false, "vae_cpu_offload": false, "use_fsdp_inference": false, "pin_cpu_memory": true, "ltx2_two_stage_device_mode": null, "comfyui_mode": false, "enable_torch_compile": true, "enable_layerwise_nvtx_marker": false, "warmup": true, "server_warmup": false, "warmup_resolutions": null, "warmup_steps": 1, "disable_autocast": false, "master_port": 30005, "host": "127.0.0.1", "port": 30000, "webui": false, "webui_port": 12312, "scheduler_port": 5567, "batching_mode": "dynamic", "batching_max_size": 1, "batching_delay_ms": 0.0, "batching_config": null, "enable_batching_metrics": false, "strict_ports": false, "output_path": "outputs/", "input_save_path": "inputs/uploads", "prompt_file_path": null, "model_paths": {}, "model_loaded": {"transformer": true, "vae": true, "video_vae": true, "audio_vae": true, "video_dit": true, "audio_dit": true, "dual_tower_bridge": true}, "boundary_ratio": null, "disagg_role": "monolithic", "disagg_timeout": 3600, "disagg_downstream_wait_timeout": 1800, "disagg_dispatch_policy": "round_robin", "disagg_mode": false, "disagg_instance_id": 0, "disagg_max_slots_per_instance": 8, "disagg_transfer_redundancy": 1.25, "disagg_role_device": "auto", "disagg_transfer_backend": "auto", "disagg_transfer_pool_size": 268435456, "disagg_transfer_pin_memory": "auto", "disagg_p2p_hostname": "127.0.0.1", "disagg_ib_device": null, "disagg_server_addr": null, "encoder_urls": null, "denoiser_urls": null, "decoder_urls": null, "encoder_tp": null, "denoiser_tp": null, "denoiser_sp": null, "denoiser_ulysses": null, "denoiser_ring": null, "decoder_sp": null, "decoder_tp": null, "pool_work_endpoint": null, "pool_result_endpoint": null, "pool_control_endpoint": null, "pool_control_advertised_endpoint": null, "log_level": "info", "uvicorn_access_log_exclude_prefixes": [], "enable_trace": false, "otlp_traces_endpoint": "localhost:4317"}
[06-13 03:44:39] Local mode: True
[06-13 03:44:39] Starting server...
Unable to import `torchao` Tensor objects. This may affect loading checkpoints serialized with `torchao`
Unable to import `torchao` Tensor objects. This may affect loading checkpoints serialized with `torchao`
[06-13 03:44:51] Scheduler bind at endpoint: tcp://127.0.0.1:5567
[06-13 03:44:52] Initializing distributed environment with world_size=2, device=cuda:0, timeout=3600
[06-13 03:44:52] Setting distributed timeout to 3600 seconds
[06-13 03:44:53] Found nccl from library libnccl.so.2
[06-13 03:44:53] sglang-diffusion is using nccl==2.28.9
[06-13 03:44:54] Found nccl from library libnccl.so.2
[06-13 03:44:54] sglang-diffusion is using nccl==2.28.9
[06-13 03:44:56] Requested pipeline_class_name: LTX2TwoStagePipeline
[06-13 03:44:56] Available pipelines in registry: ['ComfyUIFluxPipeline', 'ComfyUIQwenImagePipeline', 'ComfyUIQwenImageEditPipeline', 'ComfyUIZImagePipeline', 'Cosmos3OmniDiffusersPipeline', 'DiffusersPipeline', 'ErnieImagePipeline', 'FluxPipeline', 'Flux2Pipeline', 'Flux2KleinPipeline', 'Flux2NvfpPipeline', 'GlmImagePipeline', 'HeliosPipeline', 'HeliosPyramidPipeline', 'Hunyuan3D2Pipeline', 'HunyuanVideoPipeline', 'Ideogram4Pipeline', 'Ideogram4Nvfp4Pipeline', 'JoyImageEditPipeline', 'LingBotWorldCausalDMDPipeline', 'LTX2Pipeline', 'LTX2TwoStagePipeline', 'LTX2TwoStageHQPipeline', 'MOVA', 'MOVAPipeline', 'QwenImagePipeline', 'QwenImageEditPipeline', 'QwenImageEditPlusPipeline', 'QwenImageLayeredPipeline', 'SanaPipeline', 'SanaWMPipeline', 'SanaWMTwoStagePipeline', 'SanaWMRealtimePipeline', 'StableDiffusion3Pipeline', 'WanCausalDMDPipeline', 'WanDMDPipeline', 'WanImageToVideoDmdPipeline', 'WanImageToVideoPipeline', 'WanPipeline', 'ZImagePipeline']
[06-13 03:44:56] ✓ Using explicitly specified pipeline: LTX2TwoStagePipeline (class: LTX2TwoStagePipeline)
[06-13 03:44:56] Loading pipeline modules...
[06-13 03:44:56] Checking for cached model in HF Hub cache for Lightricks/LTX-2...
[06-13 03:44:56] Found complete model in cache at /root/.cache/huggingface/hub/models--Lightricks--LTX-2/snapshots/47da56e2ad66ce4125a9922b4a8826bf407f9d0a
[06-13 03:44:56] Model path: /root/.cache/huggingface/hub/models--Lightricks--LTX-2/snapshots/47da56e2ad66ce4125a9922b4a8826bf407f9d0a
[06-13 03:44:56] Diffusers version: 0.37.0.dev0
[06-13 03:44:56] Loading pipeline modules from config: {'_class_name': 'LTX2Pipeline', '_diffusers_version': '0.37.0.dev0', 'audio_vae': ['diffusers', 'AutoencoderKLLTX2Audio'], 'connectors': ['ltx2', 'LTX2TextConnectors'], 'scheduler': ['diffusers', 'FlowMatchEulerDiscreteScheduler'], 'text_encoder': ['transformers', 'Gemma3ForConditionalGeneration'], 'tokenizer': ['transformers', 'GemmaTokenizerFast'], 'transformer': ['diffusers', 'LTX2VideoTransformer3DModel'], 'vae': ['diffusers', 'AutoencoderKLLTX2Video'], 'vocoder': ['ltx2', 'LTX2Vocoder']}
[06-13 03:44:56] Loading required components: ['transformer', 'text_encoder', 'tokenizer', 'scheduler', 'vae', 'audio_vae', 'vocoder', 'connectors']

Loading required modules:   0%|          | 0/8 [00:00<?, ?it/s][06-13 03:44:56] Memory-aware component load order: ['text_encoder', 'transformer', 'connectors', 'vae', 'vocoder', 'audio_vae', 'tokenizer', 'scheduler']

Loading required modules:   0%|          | 0/8 [00:00<?, ?it/s][06-13 03:44:56] Using torch_sdpa backend for component: text_encoder
[06-13 03:44:56] Loading text_encoder from /root/.cache/huggingface/hub/models--Lightricks--LTX-2/snapshots/47da56e2ad66ce4125a9922b4a8826bf407f9d0a/text_encoder. avail mem: 171.40 GB
[06-13 03:44:56] Loading text_encoder on CPU first because it is selected for layerwise offload
[06-13 03:44:56] Using Torch SDPA backend
[06-13 03:44:56] Using torch_sdpa backend for text_encoder
[06-13 03:45:06] [RunAI Streamer] Overall time to stream 45.4 GiB of all files to cpu: 9.42s, 4.8 GiB/s
[06-13 03:45:06] [RunAI Streamer] Overall time to stream 45.4 GiB of all files to cpu: 9.49s, 4.8 GiB/s
[06-13 03:45:25] LayerwiseOffloadManager initialized with num prefetched layer: 1, total num layers: 48
[06-13 03:45:25] Enabled layerwise offload for Gemma3ForConditionalGeneration on modules: ['language_model.layers']
[06-13 03:45:25] Enabled layerwise offload for pipeline components: ['text_encoder']
[06-13 03:45:25] Configured layerwise offload for text_encoder immediately after startup CPU staging
[06-13 03:45:25] Loaded text_encoder: Gemma3ForConditionalGeneration (sgl-diffusion version). model size: 3.2 GB, consumed GPU mem: 3.29 GB, avail GPU mem: 168.11 GB

Loading required modules:  12%|█▎        | 1/8 [00:29<03:26, 29.56s/it][06-13 03:45:25] Loading transformer from /root/.cache/huggingface/hub/models--Lightricks--LTX-2/snapshots/47da56e2ad66ce4125a9922b4a8826bf407f9d0a/transformer. avail mem: 168.11 GB
[06-13 03:45:25] Loading LTX2VideoTransformer3DModel from 8 safetensors file(s) , param_dtype: torch.bfloat16
[06-13 03:45:25] Using FlashAttention (FA3 for hopper, FA4 for blackwell) backend
[06-13 03:45:25] Attention backend not specified for transformer, using fa backend for transformer
[06-13 03:45:25] Using FlashAttention (FA3 for hopper, FA4 for blackwell) backend

Loading required modules:  12%|█▎        | 1/8 [00:30<03:30, 30.05s/it][06-13 03:45:36] [RunAI Streamer] Overall time to stream 35.2 GiB of all files to cpu: 10.52s, 3.3 GiB/s
[06-13 03:45:37] [RunAI Streamer] Overall time to stream 35.2 GiB of all files to cpu: 10.61s, 3.3 GiB/s
[06-13 03:45:49] Loaded transformer: LTX2VideoTransformer3DModel (sgl-diffusion version). model size: 35.16 GB, consumed GPU mem: 35.26 GB, avail GPU mem: 132.85 GB

Loading required modules:  25%|██▌       | 2/8 [00:53<02:35, 26.00s/it][06-13 03:45:49] Loading connectors from /root/.cache/huggingface/hub/models--Lightricks--LTX-2/snapshots/47da56e2ad66ce4125a9922b4a8826bf407f9d0a/connectors. avail mem: 132.85 GB
[06-13 03:45:49] Using FlashAttention (FA3 for hopper, FA4 for blackwell) backend
[06-13 03:45:49] Attention backend not specified for connectors, using fa backend for connectors
[06-13 03:45:50] Loaded connectors: LTX2TextConnectors (sgl-diffusion version). model size: 2.67 GB, consumed GPU mem: 2.65 GB, avail GPU mem: 130.20 GB

Loading required modules:  38%|███▊      | 3/8 [00:54<01:13, 14.65s/it][06-13 03:45:50] Loading vae from /root/.cache/huggingface/hub/models--Lightricks--LTX-2/snapshots/47da56e2ad66ce4125a9922b4a8826bf407f9d0a/vae. avail mem: 130.20 GB
[06-13 03:45:51] Loaded vae: AutoencoderKLLTX2Video (sgl-diffusion version). model size: 2.28 GB, consumed GPU mem: 2.25 GB, avail GPU mem: 127.95 GB

Loading required modules:  50%|█████     | 4/8 [00:55<00:37,  9.37s/it][06-13 03:45:51] Loading vocoder from /root/.cache/huggingface/hub/models--Lightricks--LTX-2/snapshots/47da56e2ad66ce4125a9922b4a8826bf407f9d0a/vocoder. avail mem: 127.95 GB
[06-13 03:45:51] Loaded vocoder: LTX2Vocoder (sgl-diffusion version). model size: 0.1 GB, consumed GPU mem: 0.10 GB, avail GPU mem: 127.85 GB

Loading required modules:  62%|██████▎   | 5/8 [00:55<00:18,  6.04s/it][06-13 03:45:51] Loading audio_vae from /root/.cache/huggingface/hub/models--Lightricks--LTX-2/snapshots/47da56e2ad66ce4125a9922b4a8826bf407f9d0a/audio_vae. avail mem: 127.85 GB
[06-13 03:45:51] Loaded audio_vae: AutoencoderKLLTX2Audio (sgl-diffusion version). model size: 0.1 GB, consumed GPU mem: 0.08 GB, avail GPU mem: 127.76 GB
[06-13 03:45:51] Loading tokenizer from /root/.cache/huggingface/hub/models--Lightricks--LTX-2/snapshots/47da56e2ad66ce4125a9922b4a8826bf407f9d0a/tokenizer. avail mem: 127.76 GB

Loading required modules:  25%|██▌       | 2/8 [00:56<02:45, 27.65s/it]
Loading required modules:  38%|███▊      | 3/8 [00:57<01:17, 15.53s/it][06-13 03:45:53] Loaded tokenizer: GemmaTokenizer (sgl-diffusion version). model size: NA GB, consumed GPU mem: 0.00 GB, avail GPU mem: 127.76 GB

Loading required modules:  88%|████████▊ | 7/8 [00:57<00:03,  3.44s/it][06-13 03:45:53] Loading scheduler from /root/.cache/huggingface/hub/models--Lightricks--LTX-2/snapshots/47da56e2ad66ce4125a9922b4a8826bf407f9d0a/scheduler. avail mem: 127.76 GB
[06-13 03:45:53] Loaded scheduler: FlowMatchEulerDiscreteScheduler (sgl-diffusion version). model size: NA GB, consumed GPU mem: 0.00 GB, avail GPU mem: 127.76 GB

Loading required modules: 100%|██████████| 8/8 [00:57<00:00,  7.18s/it]
[06-13 03:45:53] Auto-resolved LTX2 two-stage components: spatial_upsampler=/root/.cache/huggingface/hub/models--Lightricks--LTX-2/snapshots/47da56e2ad66ce4125a9922b4a8826bf407f9d0a/latent_upsampler, distilled_lora=/root/.cache/huggingface/hub/models--Lightricks--LTX-2/snapshots/47da56e2ad66ce4125a9922b4a8826bf407f9d0a/ltx-2-19b-distilled-lora-384.safetensors
[06-13 03:45:53] Loading spatial_upsampler from /root/.cache/huggingface/hub/models--Lightricks--LTX-2/snapshots/47da56e2ad66ce4125a9922b4a8826bf407f9d0a/latent_upsampler. avail mem: 127.76 GB
[06-13 03:45:53] Using config from sibling config.json
[06-13 03:45:53] Loading LatentUpsampler with config: {'dims': 3, 'in_channels': 128, 'mid_channels': 1024, 'num_blocks_per_stage': 4, 'spatial_upsample': True, 'temporal_upsample': False, 'rational_resampler': True, 'spatial_scale': 2.0}
[06-13 03:45:53] Loaded LatentUpsampler to cuda:0
[06-13 03:45:53] Loaded spatial_upsampler: LatentUpsampler (sgl-diffusion version). model size: 0.93 GB, consumed GPU mem: 0.93 GB, avail GPU mem: 126.83 GB
[06-13 03:45:53] Creating pipeline stages...
[06-13 03:45:53] Compiling transformer with mode: max-autotune-no-cudagraphs
[06-13 03:45:53] Using FlashAttention (FA3 for hopper, FA4 for blackwell) backend
[06-13 03:45:53] Compiling transformer with mode: max-autotune-no-cudagraphs
[06-13 03:45:53] Pipeline instantiated
[06-13 03:45:54] LayerwiseOffloadManager initialized with num prefetched layer: 1, total num layers: 4
[06-13 03:45:54] LayerwiseOffloadManager initialized with num prefetched layer: 1, total num layers: 3
[06-13 03:45:54] Enabled layerwise offload for AutoencoderKLLTX2Video on modules: ['encoder.down_blocks', 'decoder.up_blocks']
[06-13 03:45:54] Enabled layerwise offload for pipeline components: ['text_encoder', 'vae']
[06-13 03:45:54] Worker 0: Initialized device, model, and distributed environment.
[06-13 03:45:54] Worker 0: Scheduler loop started.

Loading required modules:  50%|█████     | 4/8 [00:58<00:39,  9.85s/it]
Loading required modules:  62%|██████▎   | 5/8 [00:58<00:19,  6.34s/it]
Loading required modules:  88%|████████▊ | 7/8 [01:00<00:03,  3.55s/it]
Loading required modules: 100%|██████████| 8/8 [01:00<00:00,  7.51s/it]
[06-13 03:45:57] Adjusting number of frames from 121 to 121 based on model
[06-13 03:45:57] Processing 1 grouped request(s)
[06-13 03:45:57] Processing warmup req... (1/1)
/usr/local/lib/python3.12/dist-packages/diffusers/schedulers/scheduling_flow_match_euler_discrete.py:279: RuntimeWarning: invalid value encountered in divide
  stretched_t = 1 - (one_minus_z / scale_factor)
[06-13 03:45:58] Halved resolution: 512x768 -> 256x384
[06-13 03:45:58] LoRA weights deactivated for transformer
/usr/local/lib/python3.12/dist-packages/diffusers/schedulers/scheduling_flow_match_euler_discrete.py:279: RuntimeWarning: invalid value encountered in divide
  stretched_t = 1 - (one_minus_z / scale_factor)

  0%|          | 0/1 [00:00<?, ?it/s]/usr/local/lib/python3.12/dist-packages/nvidia_cutlass_dsl/python_packages/cutlass/cute/core.py:5435: DeprecationWarning: Use explicit `struct.scalar.ptr` for pointer instead.
  warnings.warn(
/usr/local/lib/python3.12/dist-packages/nvidia_cutlass_dsl/python_packages/cutlass/cute/core.py:5435: DeprecationWarning: Use explicit `struct.scalar.ptr` for pointer instead.
  warnings.warn(
/usr/local/lib/python3.12/dist-packages/nvidia_cutlass_dsl/python_packages/cutlass/cute/core.py:5435: DeprecationWarning: Use explicit `struct.scalar.ptr` for pointer instead.
  warnings.warn(
/usr/local/lib/python3.12/dist-packages/nvidia_cutlass_dsl/python_packages/cutlass/cute/core.py:5435: DeprecationWarning: Use explicit `struct.scalar.ptr` for pointer instead.
  warnings.warn(
/usr/local/lib/python3.12/dist-packages/nvidia_cutlass_dsl/python_packages/cutlass/cute/core.py:5435: DeprecationWarning: Use explicit `struct.scalar.ptr` for pointer instead.
  warnings.warn(
/usr/local/lib/python3.12/dist-packages/nvidia_cutlass_dsl/python_packages/cutlass/cute/core.py:5435: DeprecationWarning: Use explicit `struct.scalar.ptr` for pointer instead.
  warnings.warn(
/usr/local/lib/python3.12/dist-packages/nvidia_cutlass_dsl/python_packages/cutlass/cute/core.py:5435: DeprecationWarning: Use explicit `struct.scalar.ptr` for pointer instead.
  warnings.warn(
/usr/local/lib/python3.12/dist-packages/nvidia_cutlass_dsl/python_packages/cutlass/cute/core.py:5435: DeprecationWarning: Use explicit `struct.scalar.ptr` for pointer instead.
  warnings.warn(
/usr/local/lib/python3.12/dist-packages/nvidia_cutlass_dsl/python_packages/cutlass/cute/core.py:5435: DeprecationWarning: Use explicit `struct.scalar.ptr` for pointer instead.
  warnings.warn(
/usr/local/lib/python3.12/dist-packages/nvidia_cutlass_dsl/python_packages/cutlass/cute/core.py:5435: DeprecationWarning: Use explicit `struct.scalar.ptr` for pointer instead.
  warnings.warn(
/usr/local/lib/python3.12/dist-packages/nvidia_cutlass_dsl/python_packages/cutlass/cute/core.py:5435: DeprecationWarning: Use explicit `struct.scalar.ptr` for pointer instead.
  warnings.warn(
/usr/local/lib/python3.12/dist-packages/nvidia_cutlass_dsl/python_packages/cutlass/cute/core.py:5435: DeprecationWarning: Use explicit `struct.scalar.ptr` for pointer instead.
  warnings.warn(
/usr/local/lib/python3.12/dist-packages/nvidia_cutlass_dsl/python_packages/cutlass/cute/core.py:5435: DeprecationWarning: Use explicit `struct.scalar.ptr` for pointer instead.
  warnings.warn(
/usr/local/lib/python3.12/dist-packages/nvidia_cutlass_dsl/python_packages/cutlass/cute/core.py:5435: DeprecationWarning: Use explicit `struct.scalar.ptr` for pointer instead.
  warnings.warn(
/usr/local/lib/python3.12/dist-packages/nvidia_cutlass_dsl/python_packages/cutlass/cute/core.py:5435: DeprecationWarning: Use explicit `struct.scalar.ptr` for pointer instead.
  warnings.warn(
/usr/local/lib/python3.12/dist-packages/nvidia_cutlass_dsl/python_packages/cutlass/cute/core.py:5435: DeprecationWarning: Use explicit `struct.scalar.ptr` for pointer instead.
  warnings.warn(
/usr/local/lib/python3.12/dist-packages/nvidia_cutlass_dsl/python_packages/cutlass/cute/core.py:5435: DeprecationWarning: Use explicit `struct.scalar.ptr` for pointer instead.
  warnings.warn(
/usr/local/lib/python3.12/dist-packages/nvidia_cutlass_dsl/python_packages/cutlass/cute/core.py:5435: DeprecationWarning: Use explicit `struct.scalar.ptr` for pointer instead.
  warnings.warn(
/usr/local/lib/python3.12/dist-packages/nvidia_cutlass_dsl/python_packages/cutlass/cute/core.py:5435: DeprecationWarning: Use explicit `struct.scalar.ptr` for pointer instead.
  warnings.warn(
/usr/local/lib/python3.12/dist-packages/nvidia_cutlass_dsl/python_packages/cutlass/cute/core.py:5435: DeprecationWarning: Use explicit `struct.scalar.ptr` for pointer instead.
  warnings.warn(
/usr/local/lib/python3.12/dist-packages/nvidia_cutlass_dsl/python_packages/cutlass/cute/core.py:5435: DeprecationWarning: Use explicit `struct.scalar.ptr` for pointer instead.
  warnings.warn(
/usr/local/lib/python3.12/dist-packages/nvidia_cutlass_dsl/python_packages/cutlass/cute/core.py:5435: DeprecationWarning: Use explicit `struct.scalar.ptr` for pointer instead.
  warnings.warn(
/usr/local/lib/python3.12/dist-packages/nvidia_cutlass_dsl/python_packages/cutlass/cute/core.py:5435: DeprecationWarning: Use explicit `struct.scalar.ptr` for pointer instead.
  warnings.warn(
/usr/local/lib/python3.12/dist-packages/nvidia_cutlass_dsl/python_packages/cutlass/cute/core.py:5435: DeprecationWarning: Use explicit `struct.scalar.ptr` for pointer instead.
  warnings.warn(
/usr/local/lib/python3.12/dist-packages/nvidia_cutlass_dsl/python_packages/cutlass/cute/core.py:5435: DeprecationWarning: Use explicit `struct.scalar.ptr` for pointer instead.
  warnings.warn(
/usr/local/lib/python3.12/dist-packages/nvidia_cutlass_dsl/python_packages/cutlass/cute/core.py:5435: DeprecationWarning: Use explicit `struct.scalar.ptr` for pointer instead.
  warnings.warn(
/usr/local/lib/python3.12/dist-packages/nvidia_cutlass_dsl/python_packages/cutlass/cute/core.py:5435: DeprecationWarning: Use explicit `struct.scalar.ptr` for pointer instead.
  warnings.warn(
/usr/local/lib/python3.12/dist-packages/nvidia_cutlass_dsl/python_packages/cutlass/cute/core.py:5435: DeprecationWarning: Use explicit `struct.scalar.ptr` for pointer instead.
  warnings.warn(
/usr/local/lib/python3.12/dist-packages/nvidia_cutlass_dsl/python_packages/cutlass/cute/core.py:5435: DeprecationWarning: Use explicit `struct.scalar.ptr` for pointer instead.
  warnings.warn(
/usr/local/lib/python3.12/dist-packages/nvidia_cutlass_dsl/python_packages/cutlass/cute/core.py:5435: DeprecationWarning: Use explicit `struct.scalar.ptr` for pointer instead.
  warnings.warn(
/usr/local/lib/python3.12/dist-packages/nvidia_cutlass_dsl/python_packages/cutlass/cute/core.py:5435: DeprecationWarning: Use explicit `struct.scalar.ptr` for pointer instead.
  warnings.warn(
/usr/local/lib/python3.12/dist-packages/nvidia_cutlass_dsl/python_packages/cutlass/cute/core.py:5435: DeprecationWarning: Use explicit `struct.scalar.ptr` for pointer instead.
  warnings.warn(
/usr/local/lib/python3.12/dist-packages/nvidia_cutlass_dsl/python_packages/cutlass/cute/core.py:5435: DeprecationWarning: Use explicit `struct.scalar.ptr` for pointer instead.
  warnings.warn(
/usr/local/lib/python3.12/dist-packages/nvidia_cutlass_dsl/python_packages/cutlass/cute/core.py:5435: DeprecationWarning: Use explicit `struct.scalar.ptr` for pointer instead.
  warnings.warn(
/usr/local/lib/python3.12/dist-packages/nvidia_cutlass_dsl/python_packages/cutlass/cute/core.py:5435: DeprecationWarning: Use explicit `struct.scalar.ptr` for pointer instead.
  warnings.warn(
/usr/local/lib/python3.12/dist-packages/nvidia_cutlass_dsl/python_packages/cutlass/cute/core.py:5435: DeprecationWarning: Use explicit `struct.scalar.ptr` for pointer instead.
  warnings.warn(
/usr/local/lib/python3.12/dist-packages/nvidia_cutlass_dsl/python_packages/cutlass/cute/core.py:5435: DeprecationWarning: Use explicit `struct.scalar.ptr` for pointer instead.
  warnings.warn(
/usr/local/lib/python3.12/dist-packages/nvidia_cutlass_dsl/python_packages/cutlass/cute/core.py:5435: DeprecationWarning: Use explicit `struct.scalar.ptr` for pointer instead.
  warnings.warn(
/usr/local/lib/python3.12/dist-packages/nvidia_cutlass_dsl/python_packages/cutlass/cute/core.py:5435: DeprecationWarning: Use explicit `struct.scalar.ptr` for pointer instead.
  warnings.warn(
/usr/local/lib/python3.12/dist-packages/nvidia_cutlass_dsl/python_packages/cutlass/cute/core.py:5435: DeprecationWarning: Use explicit `struct.scalar.ptr` for pointer instead.
  warnings.warn(
/usr/local/lib/python3.12/dist-packages/nvidia_cutlass_dsl/python_packages/cutlass/cute/core.py:5435: DeprecationWarning: Use explicit `struct.scalar.ptr` for pointer instead.
  warnings.warn(
/usr/local/lib/python3.12/dist-packages/nvidia_cutlass_dsl/python_packages/cutlass/cute/core.py:5435: DeprecationWarning: Use explicit `struct.scalar.ptr` for pointer instead.
  warnings.warn(
/usr/local/lib/python3.12/dist-packages/nvidia_cutlass_dsl/python_packages/cutlass/cute/core.py:5435: DeprecationWarning: Use explicit `struct.scalar.ptr` for pointer instead.
  warnings.warn(
/usr/local/lib/python3.12/dist-packages/nvidia_cutlass_dsl/python_packages/cutlass/cute/core.py:5435: DeprecationWarning: Use explicit `struct.scalar.ptr` for pointer instead.
  warnings.warn(
/usr/local/lib/python3.12/dist-packages/nvidia_cutlass_dsl/python_packages/cutlass/cute/core.py:5435: DeprecationWarning: Use explicit `struct.scalar.ptr` for pointer instead.
  warnings.warn(
/usr/local/lib/python3.12/dist-packages/nvidia_cutlass_dsl/python_packages/cutlass/cute/core.py:5435: DeprecationWarning: Use explicit `struct.scalar.ptr` for pointer instead.
  warnings.warn(
/usr/local/lib/python3.12/dist-packages/nvidia_cutlass_dsl/python_packages/cutlass/cute/core.py:5435: DeprecationWarning: Use explicit `struct.scalar.ptr` for pointer instead.
  warnings.warn(
/usr/local/lib/python3.12/dist-packages/nvidia_cutlass_dsl/python_packages/cutlass/cute/core.py:5435: DeprecationWarning: Use explicit `struct.scalar.ptr` for pointer instead.
  warnings.warn(
/usr/local/lib/python3.12/dist-packages/nvidia_cutlass_dsl/python_packages/cutlass/cute/core.py:5435: DeprecationWarning: Use explicit `struct.scalar.ptr` for pointer instead.
  warnings.warn(
/usr/local/lib/python3.12/dist-packages/nvidia_cutlass_dsl/python_packages/cutlass/cute/core.py:5435: DeprecationWarning: Use explicit `struct.scalar.ptr` for pointer instead.
  warnings.warn(
/usr/local/lib/python3.12/dist-packages/nvidia_cutlass_dsl/python_packages/cutlass/cute/core.py:5435: DeprecationWarning: Use explicit `struct.scalar.ptr` for pointer instead.
  warnings.warn(
/usr/local/lib/python3.12/dist-packages/nvidia_cutlass_dsl/python_packages/cutlass/cute/core.py:5435: DeprecationWarning: Use explicit `struct.scalar.ptr` for pointer instead.
  warnings.warn(
/usr/local/lib/python3.12/dist-packages/nvidia_cutlass_dsl/python_packages/cutlass/cute/core.py:5435: DeprecationWarning: Use explicit `struct.scalar.ptr` for pointer instead.
  warnings.warn(
/usr/local/lib/python3.12/dist-packages/nvidia_cutlass_dsl/python_packages/cutlass/cute/core.py:5435: DeprecationWarning: Use explicit `struct.scalar.ptr` for pointer instead.
  warnings.warn(
/usr/local/lib/python3.12/dist-packages/nvidia_cutlass_dsl/python_packages/cutlass/cute/core.py:5435: DeprecationWarning: Use explicit `struct.scalar.ptr` for pointer instead.
  warnings.warn(
/usr/local/lib/python3.12/dist-packages/nvidia_cutlass_dsl/python_packages/cutlass/cute/core.py:5435: DeprecationWarning: Use explicit `struct.scalar.ptr` for pointer instead.
  warnings.warn(
/usr/local/lib/python3.12/dist-packages/nvidia_cutlass_dsl/python_packages/cutlass/cute/core.py:5435: DeprecationWarning: Use explicit `struct.scalar.ptr` for pointer instead.
  warnings.warn(
/usr/local/lib/python3.12/dist-packages/nvidia_cutlass_dsl/python_packages/cutlass/cute/core.py:5435: DeprecationWarning: Use explicit `struct.scalar.ptr` for pointer instead.
  warnings.warn(
/usr/local/lib/python3.12/dist-packages/nvidia_cutlass_dsl/python_packages/cutlass/cute/core.py:5435: DeprecationWarning: Use explicit `struct.scalar.ptr` for pointer instead.
  warnings.warn(
/usr/local/lib/python3.12/dist-packages/nvidia_cutlass_dsl/python_packages/cutlass/cute/core.py:5435: DeprecationWarning: Use explicit `struct.scalar.ptr` for pointer instead.
  warnings.warn(
/usr/local/lib/python3.12/dist-packages/nvidia_cutlass_dsl/python_packages/cutlass/cute/core.py:5435: DeprecationWarning: Use explicit `struct.scalar.ptr` for pointer instead.
  warnings.warn(
/usr/local/lib/python3.12/dist-packages/nvidia_cutlass_dsl/python_packages/cutlass/cute/core.py:5435: DeprecationWarning: Use explicit `struct.scalar.ptr` for pointer instead.
  warnings.warn(
/usr/local/lib/python3.12/dist-packages/nvidia_cutlass_dsl/python_packages/cutlass/cute/core.py:5435: DeprecationWarning: Use explicit `struct.scalar.ptr` for pointer instead.
  warnings.warn(
/usr/local/lib/python3.12/dist-packages/nvidia_cutlass_dsl/python_packages/cutlass/cute/core.py:5435: DeprecationWarning: Use explicit `struct.scalar.ptr` for pointer instead.
  warnings.warn(
/usr/local/lib/python3.12/dist-packages/nvidia_cutlass_dsl/python_packages/cutlass/cute/core.py:5435: DeprecationWarning: Use explicit `struct.scalar.ptr` for pointer instead.
  warnings.warn(
/usr/local/lib/python3.12/dist-packages/nvidia_cutlass_dsl/python_packages/cutlass/cute/core.py:5435: DeprecationWarning: Use explicit `struct.scalar.ptr` for pointer instead.
  warnings.warn(
/usr/local/lib/python3.12/dist-packages/nvidia_cutlass_dsl/python_packages/cutlass/cute/core.py:5435: DeprecationWarning: Use explicit `struct.scalar.ptr` for pointer instead.
  warnings.warn(
/usr/local/lib/python3.12/dist-packages/nvidia_cutlass_dsl/python_packages/cutlass/cute/core.py:5435: DeprecationWarning: Use explicit `struct.scalar.ptr` for pointer instead.
  warnings.warn(
/usr/local/lib/python3.12/dist-packages/nvidia_cutlass_dsl/python_packages/cutlass/cute/core.py:5435: DeprecationWarning: Use explicit `struct.scalar.ptr` for pointer instead.
  warnings.warn(
/usr/local/lib/python3.12/dist-packages/nvidia_cutlass_dsl/python_packages/cutlass/cute/core.py:5435: DeprecationWarning: Use explicit `struct.scalar.ptr` for pointer instead.
  warnings.warn(
/usr/local/lib/python3.12/dist-packages/nvidia_cutlass_dsl/python_packages/cutlass/cute/core.py:5435: DeprecationWarning: Use explicit `struct.scalar.ptr` for pointer instead.
  warnings.warn(
/usr/local/lib/python3.12/dist-packages/nvidia_cutlass_dsl/python_packages/cutlass/cute/core.py:5435: DeprecationWarning: Use explicit `struct.scalar.ptr` for pointer instead.
  warnings.warn(
/usr/local/lib/python3.12/dist-packages/nvidia_cutlass_dsl/python_packages/cutlass/cute/core.py:5435: DeprecationWarning: Use explicit `struct.scalar.ptr` for pointer instead.
  warnings.warn(
/usr/local/lib/python3.12/dist-packages/nvidia_cutlass_dsl/python_packages/cutlass/cute/core.py:5435: DeprecationWarning: Use explicit `struct.scalar.ptr` for pointer instead.
  warnings.warn(
/usr/local/lib/python3.12/dist-packages/nvidia_cutlass_dsl/python_packages/cutlass/cute/core.py:5435: DeprecationWarning: Use explicit `struct.scalar.ptr` for pointer instead.
  warnings.warn(
/usr/local/lib/python3.12/dist-packages/nvidia_cutlass_dsl/python_packages/cutlass/cute/core.py:5435: DeprecationWarning: Use explicit `struct.scalar.ptr` for pointer instead.
  warnings.warn(

100%|██████████| 1/1 [02:15<00:00, 135.92s/it]
100%|██████████| 1/1 [02:15<00:00, 135.92s/it]
[06-13 03:48:15] Upsampled video latents: [1, 128, 16, 16, 24]
[06-13 03:48:15] Packed video latents for Stage 2: [1, 6144, 128] (resolution 512x768)
[06-13 03:48:15] Re-packed audio latents for Stage 2: [1, 126, 128]
[06-13 03:48:53] Converted 1370 layers to LoRA layers
[06-13 03:48:54] [LoRAFormatAdapter] normalize_lora_state_dict called, #keys=2742
[06-13 03:48:54] [LoRAFormatAdapter] before convert, sample keys (<=20): diffusion_model.adaln_single.emb.timestep_embedder.linear_1.lora_A.weight, diffusion_model.adaln_single.emb.timestep_embedder.linear_1.lora_B.weight, diffusion_model.adaln_single.emb.timestep_embedder.linear_2.lora_A.weight, diffusion_model.adaln_single.emb.timestep_embedder.linear_2.lora_B.weight, diffusion_model.adaln_single.linear.lora_A.weight, diffusion_model.adaln_single.linear.lora_B.weight, diffusion_model.audio_adaln_single.emb.timestep_embedder.linear_1.lora_A.weight, diffusion_model.audio_adaln_single.emb.timestep_embedder.linear_1.lora_B.weight, diffusion_model.audio_adaln_single.emb.timestep_embedder.linear_2.lora_A.weight, diffusion_model.audio_adaln_single.emb.timestep_embedder.linear_2.lora_B.weight, diffusion_model.audio_adaln_single.linear.lora_A.weight, diffusion_model.audio_adaln_single.linear.lora_B.weight, diffusion_model.audio_caption_projection.linear_1.lora_A.weight, diffusion_model.audio_caption_projection.linear_1.lora_B.weight, diffusion_model.audio_caption_projection.linear_2.lora_A.weight, diffusion_model.audio_caption_projection.linear_2.lora_B.weight, diffusion_model.audio_patchify_proj.lora_A.weight, diffusion_model.audio_patchify_proj.lora_B.weight, diffusion_model.audio_proj_out.lora_A.weight, diffusion_model.audio_proj_out.lora_B.weight
[06-13 03:48:54] [LoRAFormatAdapter] detected format: LoRAFormat.STANDARD
[06-13 03:48:54] [LoRAFormatAdapter] diffusers.lora_conversion_utils converted keys, sample keys (<=20): diffusion_model.adaln_single.emb.timestep_embedder.linear_1.lora_A.weight, diffusion_model.adaln_single.emb.timestep_embedder.linear_1.lora_B.weight, diffusion_model.adaln_single.emb.timestep_embedder.linear_2.lora_A.weight, diffusion_model.adaln_single.emb.timestep_embedder.linear_2.lora_B.weight, diffusion_model.adaln_single.linear.lora_A.weight, diffusion_model.adaln_single.linear.lora_B.weight, diffusion_model.audio_adaln_single.emb.timestep_embedder.linear_1.lora_A.weight, diffusion_model.audio_adaln_single.emb.timestep_embedder.linear_1.lora_B.weight, diffusion_model.audio_adaln_single.emb.timestep_embedder.linear_2.lora_A.weight, diffusion_model.audio_adaln_single.emb.timestep_embedder.linear_2.lora_B.weight, diffusion_model.audio_adaln_single.linear.lora_A.weight, diffusion_model.audio_adaln_single.linear.lora_B.weight, diffusion_model.audio_caption_projection.linear_1.lora_A.weight, diffusion_model.audio_caption_projection.linear_1.lora_B.weight, diffusion_model.audio_caption_projection.linear_2.lora_A.weight, diffusion_model.audio_caption_projection.linear_2.lora_B.weight, diffusion_model.audio_patchify_proj.lora_A.weight, diffusion_model.audio_patchify_proj.lora_B.weight, diffusion_model.audio_proj_out.lora_A.weight, diffusion_model.audio_proj_out.lora_B.weight
[06-13 03:48:54] [LoRAFormatAdapter] after convert, sample keys (<=20): diffusion_model.adaln_single.emb.timestep_embedder.linear_1.lora_A.weight, diffusion_model.adaln_single.emb.timestep_embedder.linear_1.lora_B.weight, diffusion_model.adaln_single.emb.timestep_embedder.linear_2.lora_A.weight, diffusion_model.adaln_single.emb.timestep_embedder.linear_2.lora_B.weight, diffusion_model.adaln_single.linear.lora_A.weight, diffusion_model.adaln_single.linear.lora_B.weight, diffusion_model.audio_adaln_single.emb.timestep_embedder.linear_1.lora_A.weight, diffusion_model.audio_adaln_single.emb.timestep_embedder.linear_1.lora_B.weight, diffusion_model.audio_adaln_single.emb.timestep_embedder.linear_2.lora_A.weight, diffusion_model.audio_adaln_single.emb.timestep_embedder.linear_2.lora_B.weight, diffusion_model.audio_adaln_single.linear.lora_A.weight, diffusion_model.audio_adaln_single.linear.lora_B.weight, diffusion_model.audio_caption_projection.linear_1.lora_A.weight, diffusion_model.audio_caption_projection.linear_1.lora_B.weight, diffusion_model.audio_caption_projection.linear_2.lora_A.weight, diffusion_model.audio_caption_projection.linear_2.lora_B.weight, diffusion_model.audio_patchify_proj.lora_A.weight, diffusion_model.audio_patchify_proj.lora_B.weight, diffusion_model.audio_proj_out.lora_A.weight, diffusion_model.audio_proj_out.lora_B.weight
[06-13 03:48:56] Rank 0: loaded LoRA adapter /root/.cache/huggingface/hub/models--Lightricks--LTX-2/snapshots/47da56e2ad66ce4125a9922b4a8826bf407f9d0a/ltx-2-19b-distilled-lora-384.safetensors
[06-13 03:48:56] Rank 0: LoRA adapter(s) /root/.cache/huggingface/hub/models--Lightricks--LTX-2/snapshots/47da56e2ad66ce4125a9922b4a8826bf407f9d0a/ltx-2-19b-distilled-lora-384.safetensors applied to 1370 layers (targets: transformer, strengths: 1.00, merge_mode=dynamic)

  0%|          | 0/3 [00:00<?, ?it/s]
 33%|███▎      | 1/3 [03:24<06:49, 204.84s/it]
 67%|██████▋   | 2/3 [03:25<01:24, 84.46s/it] 
100%|██████████| 3/3 [03:25<00:00, 46.00s/it]
100%|██████████| 3/3 [03:25<00:00, 68.42s/it]
[06-13 03:52:22] Warmup req (1/1) processed in [92m385.64[0;0m seconds
[06-13 03:52:22] The server is fired up and ready to roll!
[06-13 03:52:22] Sampling params:
                       width: 768
                      height: 512
                  num_frames: 121
                         fps: 24
                      prompt: <redacted, len=52>
                  neg_prompt: <redacted, len=1078>
                        seed: 42
                 infer_steps: 40
      num_outputs_per_prompt: 1
              guidance_scale: 4.0
     embedded_guidance_scale: 6.0
                    n_tokens: None
                  flow_shift: None
                  image_path: None
                 save_output: True
            output_file_path: outputs/A_cat_and_a_dog_baking_a_cake_together_in_a_kitchen._20260613-034557_861c42cf.mp4
        
[06-13 03:52:22] Running pipeline stages: ['InputValidationStage', 'TextEncodingStage', 'LTX2TextConnectorStage', 'LTX2HalveResolutionStage', 'LTX2LoRASwitchStage', 'LTX2SigmaPreparationStage', 'TimestepPreparationStage', 'LTX2AVLatentPreparationStage', 'LTX2ImageEncodingStage', 'LTX2AVDenoisingStage', 'LTX2UpsampleStage', 'ltx2_lora_switch_stage2', 'ltx2_image_encoding_stage2', 'LTX2RefinementStage', 'LTX2AVDecodingStage']
[06-13 03:52:22] [InputValidationStage] started...
[06-13 03:52:22] [InputValidationStage] finished in 0.0000 seconds
[06-13 03:52:22] [TextEncodingStage] started...
[06-13 03:52:23] [TextEncodingStage] finished in 0.3996 seconds
[06-13 03:52:23] [LTX2TextConnectorStage] started...
[06-13 03:52:23] [LTX2TextConnectorStage] finished in 0.0092 seconds
[06-13 03:52:23] [LTX2HalveResolutionStage] started...
[06-13 03:52:23] Halved resolution: 512x768 -> 256x384
[06-13 03:52:23] [LTX2HalveResolutionStage] finished in 0.0001 seconds
[06-13 03:52:23] [LTX2LoRASwitchStage] started...
[06-13 03:52:23] LoRA weights deactivated for transformer
[06-13 03:52:23] [LTX2LoRASwitchStage] finished in 0.0044 seconds
[06-13 03:52:23] [LTX2SigmaPreparationStage] started...
[06-13 03:52:23] [LTX2SigmaPreparationStage] finished in 0.0001 seconds
[06-13 03:52:23] [TimestepPreparationStage] started...
[06-13 03:52:23] [TimestepPreparationStage] finished in 0.0005 seconds
[06-13 03:52:23] [LTX2AVLatentPreparationStage] started...
[06-13 03:52:23] [LTX2AVLatentPreparationStage] finished in 0.0014 seconds
[06-13 03:52:23] [LTX2ImageEncodingStage] started...
[06-13 03:52:23] [LTX2ImageEncodingStage] finished in 0.0000 seconds
[06-13 03:52:23] [LTX2AVDenoisingStage] started...

  0%|          | 0/40 [00:00<?, ?it/s]
  2%|▎         | 1/40 [01:52<1:13:14, 112.68s/it]
  5%|▌         | 2/40 [01:52<29:25, 46.46s/it]   
  8%|▊         | 3/40 [01:52<15:35, 25.29s/it]
 12%|█▎        | 5/40 [01:53<06:26, 11.03s/it]
 18%|█▊        | 7/40 [01:53<03:22,  6.14s/it]
 22%|██▎       | 9/40 [01:53<01:57,  3.79s/it]
 28%|██▊       | 11/40 [01:53<01:11,  2.47s/it]
 32%|███▎      | 13/40 [01:53<00:44,  1.66s/it]
 38%|███▊      | 15/40 [01:54<00:28,  1.15s/it]
 42%|████▎     | 17/40 [01:54<00:18,  1.22it/s]
 48%|████▊     | 19/40 [01:54<00:12,  1.68it/s]
 52%|█████▎    | 21/40 [01:54<00:08,  2.27it/s]
 57%|█████▊    | 23/40 [01:54<00:05,  2.97it/s]
 62%|██████▎   | 25/40 [01:55<00:03,  3.80it/s]
 68%|██████▊   | 27/40 [01:55<00:02,  4.69it/s]
 72%|███████▎  | 29/40 [01:55<00:01,  5.61it/s]
 78%|███████▊  | 31/40 [01:55<00:01,  6.50it/s]
 82%|████████▎ | 33/40 [01:55<00:00,  7.31it/s]
 88%|████████▊ | 35/40 [01:56<00:00,  8.00it/s]
 92%|█████████▎| 37/40 [01:56<00:00,  8.58it/s]
 98%|█████████▊| 39/40 [01:56<00:00,  9.01it/s]
100%|██████████| 40/40 [01:56<00:00,  2.91s/it]
[06-13 03:54:19] [LTX2AVDenoisingStage] average time per step: 2.9124 seconds
[06-13 03:54:19] [LTX2AVDenoisingStage] finished in 116.4999 seconds
[06-13 03:54:19] [LTX2UpsampleStage] started...
[06-13 03:54:19] Upsampled video latents: [1, 128, 16, 16, 24]
[06-13 03:54:19] Packed video latents for Stage 2: [1, 6144, 128] (resolution 512x768)
[06-13 03:54:19] Re-packed audio latents for Stage 2: [1, 126, 128]
[06-13 03:54:19] [LTX2UpsampleStage] finished in 0.0039 seconds
[06-13 03:54:19] [ltx2_lora_switch_stage2] started...
[06-13 03:54:19] Rank 0: LoRA adapter(s) /root/.cache/huggingface/hub/models--Lightricks--LTX-2/snapshots/47da56e2ad66ce4125a9922b4a8826bf407f9d0a/ltx-2-19b-distilled-lora-384.safetensors applied to 1370 layers (targets: transformer, strengths: 1.00, merge_mode=dynamic)
[06-13 03:54:19] [ltx2_lora_switch_stage2] finished in 0.0057 seconds
[06-13 03:54:19] [ltx2_image_encoding_stage2] started...
[06-13 03:54:19] [ltx2_image_encoding_stage2] finished in 0.0000 seconds
[06-13 03:54:19] [LTX2RefinementStage] started...

  0%|          | 0/3 [00:00<?, ?it/s]
 33%|███▎      | 1/3 [00:00<00:00,  4.54it/s]
 67%|██████▋   | 2/3 [00:00<00:00,  4.13it/s]
100%|██████████| 3/3 [00:00<00:00,  4.00it/s]
100%|██████████| 3/3 [00:00<00:00,  4.07it/s]
[06-13 03:54:20] [LTX2RefinementStage] average time per step: 0.2459 seconds
[06-13 03:54:20] [LTX2RefinementStage] finished in 0.7460 seconds
[06-13 03:54:20] [LTX2AVDecodingStage] started...
[06-13 03:54:21] [LTX2AVDecodingStage] finished in 0.7708 seconds
[06-13 03:54:24] Output saved to [1;36moutputs/A_cat_and_a_dog_baking_a_cake_together_in_a_kitchen._20260613-034557_861c42cf.mp4[0;0m
[06-13 03:54:24] Metrics dumped to: [1;36m/tmp/pr28050_ltx2_sweep/ltx2_proof_20260613_022547/ltx2_max_run2.json[0;0m
[06-13 03:54:24] Pixel data generated successfully in [92m507.25[0;0m seconds
[06-13 03:54:24] Warmed-up request processed in [92m118.60[0;0m seconds (with warmup excluded)
[06-13 03:54:24] Memory usage - Max peak: 63734.00 MB, Avg peak: 63734.00 MB
[06-13 03:54:24] Metrics dumped to: [1;36m/tmp/pr28050_ltx2_sweep/ltx2_proof_20260613_022547/ltx2_max_run2.json[0;0m
[93m[06-13 03:54:24] Generator was garbage collected without being shut down. Attempting to shut down the local server and client.[0;0m
[06-13 03:54:30] Worker 0: Shutdown complete.
[93m[06-13 03:54:34] Local worker sglang-diffusionWorker-0 did not terminate gracefully, forcing.[0;0m

=========================================================================================================
BENCHMARK RESULTS — Denoise Latency (primary metric ★)
(Models and params match benchmark-and-profile.md)
=========================================================================================================
Model                    Nightly                      Label          Denoise(s)     E2E(s)   Peak Mem(GB)
---------------------------------------------------------------------------------------------------------
ltx2                     ltx2_twostage_t2v            max_run2           117.25     118.60           62.2
---------------------------------------------------------------------------------------------------------

★ Denoise latency = sum of stages ending with DenoisingStage plus any RefinementStage.
  Compare two runs with python/sglang/multimodal_gen/benchmarks/compare_perf.py.
Perf dump JSONs → /tmp/pr28050_ltx2_sweep/ltx2_proof_20260613_022547
Compare across runs: follow benchmark-and-profile.md -> Perf dump & before/after compare.
END_TS 2026-06-13T03:54:46Z
CASE_RC ltx2 max_run2 0
